<?xml version="1.0" encoding="UTF-8"?>
<testsuite xmlns:xsi="http://www.w3.org/2001/XMLSchema-instance" xsi:noNamespaceSchemaLocation="https://maven.apache.org/surefire/maven-surefire-plugin/xsd/surefire-test-report-3.0.xsd" version="3.0" name="GirlsAllowedUnitTest" time="0.55" tests="1" errors="0" skipped="0" failures="0">
  <properties>
    <property name="sun.desktop" value="windows"/>
    <property name="awt.toolkit" value="sun.awt.windows.WToolkit"/>
    <property name="file.encoding.pkg" value="sun.io"/>
    <property name="java.specification.version" value="1.8"/>
    <property name="sun.cpu.isalist" value="amd64"/>
    <property name="sun.jnu.encoding" value="Cp1252"/>
    <property name="java.class.path" value="C:\Users\BrendanXPS\DN201\COMP30220 - Distributed Systems\Labs\Lab3\quoco-ws\task5\girlsallowed\target\test-classes;C:\Users\BrendanXPS\DN201\COMP30220 - Distributed Systems\Labs\Lab3\quoco-ws\task5\girlsallowed\target\classes;C:\Users\BrendanXPS\DN201\COMP30220 - Distributed Systems\Labs\Lab3\quoco-ws\task5\core\target\core-1.0.0.jar;C:\Users\BrendanXPS\.m2\repository\org\jmdns\jmdns\3.5.5\jmdns-3.5.5.jar;C:\Users\BrendanXPS\.m2\repository\org\slf4j\slf4j-api\1.7.25\slf4j-api-1.7.25.jar;C:\Users\BrendanXPS\.m2\repository\junit\junit\4.13.2\junit-4.13.2.jar;C:\Users\BrendanXPS\.m2\repository\org\hamcrest\hamcrest-core\1.3\hamcrest-core-1.3.jar;"/>
    <property name="java.vm.vendor" value="Oracle Corporation"/>
    <property name="sun.arch.data.model" value="64"/>
    <property name="user.variant" value=""/>
    <property name="java.vendor.url" value="http://java.oracle.com/"/>
    <property name="user.timezone" value="Europe/London"/>
    <property name="java.vm.specification.version" value="1.8"/>
    <property name="os.name" value="Windows 11"/>
    <property name="user.country" value="IE"/>
    <property name="sun.java.launcher" value="SUN_STANDARD"/>
    <property name="sun.boot.library.path" value="C:\Program Files\Java\jdk-1.8\jre\bin"/>
    <property name="sun.java.command" value="C:\Users\BrendanXPS\AppData\Local\Temp\surefire1520465925983834191\surefirebooter-20240220151726580_9.jar C:\Users\BrendanXPS\AppData\Local\Temp\surefire1520465925983834191 2024-02-20T15-17-21_958-jvmRun1 surefire-20240220151726580_7tmp surefire_2-20240220151726580_8tmp"/>
    <property name="surefire.test.class.path" value="C:\Users\BrendanXPS\DN201\COMP30220 - Distributed Systems\Labs\Lab3\quoco-ws\task5\girlsallowed\target\test-classes;C:\Users\BrendanXPS\DN201\COMP30220 - Distributed Systems\Labs\Lab3\quoco-ws\task5\girlsallowed\target\classes;C:\Users\BrendanXPS\DN201\COMP30220 - Distributed Systems\Labs\Lab3\quoco-ws\task5\core\target\core-1.0.0.jar;C:\Users\BrendanXPS\.m2\repository\org\jmdns\jmdns\3.5.5\jmdns-3.5.5.jar;C:\Users\BrendanXPS\.m2\repository\org\slf4j\slf4j-api\1.7.25\slf4j-api-1.7.25.jar;C:\Users\BrendanXPS\.m2\repository\junit\junit\4.13.2\junit-4.13.2.jar;C:\Users\BrendanXPS\.m2\repository\org\hamcrest\hamcrest-core\1.3\hamcrest-core-1.3.jar;"/>
    <property name="sun.cpu.endian" value="little"/>
    <property name="user.home" value="C:\Users\BrendanXPS"/>
    <property name="user.language" value="en"/>
    <property name="java.specification.vendor" value="Oracle Corporation"/>
    <property name="java.home" value="C:\Program Files\Java\jdk-1.8\jre"/>
    <property name="basedir" value="C:\Users\BrendanXPS\DN201\COMP30220 - Distributed Systems\Labs\Lab3\quoco-ws\task5\girlsallowed"/>
    <property name="file.separator" value="\"/>
    <property name="line.separator" value="&#10;"/>
    <property name="java.vm.specification.vendor" value="Oracle Corporation"/>
    <property name="java.specification.name" value="Java Platform API Specification"/>
    <property name="java.awt.graphicsenv" value="sun.awt.Win32GraphicsEnvironment"/>
    <property name="surefire.real.class.path" value="C:\Users\BrendanXPS\AppData\Local\Temp\surefire1520465925983834191\surefirebooter-20240220151726580_9.jar"/>
    <property name="sun.boot.class.path" value="C:\Program Files\Java\jdk-1.8\jre\lib\resources.jar;C:\Program Files\Java\jdk-1.8\jre\lib\rt.jar;C:\Program Files\Java\jdk-1.8\jre\lib\jsse.jar;C:\Program Files\Java\jdk-1.8\jre\lib\jce.jar;C:\Program Files\Java\jdk-1.8\jre\lib\charsets.jar;C:\Program Files\Java\jdk-1.8\jre\lib\jfr.jar;C:\Program Files\Java\jdk-1.8\jre\classes"/>
    <property name="user.script" value=""/>
    <property name="sun.management.compiler" value="HotSpot 64-Bit Tiered Compilers"/>
    <property name="java.runtime.version" value="1.8.0_381-b09"/>
    <property name="user.name" value="BrendanXPS"/>
    <property name="path.separator" value=";"/>
    <property name="os.version" value="10.0"/>
    <property name="java.endorsed.dirs" value="C:\Program Files\Java\jdk-1.8\jre\lib\endorsed"/>
    <property name="java.runtime.name" value="Java(TM) SE Runtime Environment"/>
    <property name="file.encoding" value="Cp1252"/>
    <property name="java.vm.name" value="Java HotSpot(TM) 64-Bit Server VM"/>
    <property name="localRepository" value="C:\Users\BrendanXPS\.m2\repository"/>
    <property name="java.vendor.url.bug" value="http://bugreport.sun.com/bugreport/"/>
    <property name="java.io.tmpdir" value="C:\Users\BRENDA~1\AppData\Local\Temp\"/>
    <property name="java.version" value="1.8.0_381"/>
    <property name="user.dir" value="C:\Users\BrendanXPS\DN201\COMP30220 - Distributed Systems\Labs\Lab3\quoco-ws\task5\girlsallowed"/>
    <property name="os.arch" value="amd64"/>
    <property name="java.vm.specification.name" value="Java Virtual Machine Specification"/>
    <property name="java.awt.printerjob" value="sun.awt.windows.WPrinterJob"/>
    <property name="sun.os.patch.level" value=""/>
    <property name="java.library.path" value="C:\Program Files\Java\jdk-1.8\jre\bin;C:\WINDOWS\Sun\Java\bin;C:\WINDOWS\system32;C:\WINDOWS;C:\Python311\Scripts\;C:\Python311\;C:\WINDOWS\system32;C:\WINDOWS;C:\WINDOWS\System32\Wbem;C:\WINDOWS\System32\WindowsPowerShell\v1.0\;C:\WINDOWS\System32\OpenSSH\;C:\Program Files\Git\cmd;C:\ProgramData\chocolatey\bin;C:\Program Files\Maven\apache-maven-3.9.4\bin;C:\Program Files\dotnet\;C:\Program Files\Kubernetes\Minikube;C:\Program Files\Java\jdk-1.8\bin;C:\Program Files (x86)\PharosSystems\Core;;C:\Program Files\Docker\Docker\resources\bin;C:\Program Files\nodejs\;C:\Users\BrendanXPS\anaconda3;C:\Users\BrendanXPS\anaconda3\Library\mingw-w64\bin;C:\Users\BrendanXPS\anaconda3\Library\usr\bin;C:\Users\BrendanXPS\anaconda3\Library\bin;C:\Users\BrendanXPS\anaconda3\Scripts;C:\Users\BrendanXPS\AppData\Local\Programs\Python\Python38\Scripts\;C:\Users\BrendanXPS\AppData\Local\Programs\Python\Python38\;C:\Users\BrendanXPS\AppData\Local\Microsoft\WindowsApps;C:\Users\BrendanXPS\AppData\Local\Programs\Microsoft VS Code\bin;C:\Program Files\JetBrains\IntelliJ IDEA 2023.2.2\bin;;C:\Program Files\Kubernetes\Minikube;C:\Users\BrendanXPS\AppData\Local\Microsoft\WinGet\Packages\Kubernetes.kompose_Microsoft.Winget.Source_8wekyb3d8bbwe;C:\Program Files\JetBrains\PyCharm 2023.2.2\bin;;;C:\Users\BrendanXPS\AppData\Local\Programs\oh-my-posh\bin;C:\Users\BrendanXPS\AppData\Roaming\npm;."/>
    <property name="java.vm.info" value="mixed mode"/>
    <property name="java.vendor" value="Oracle Corporation"/>
    <property name="java.vm.version" value="25.381-b09"/>
    <property name="java.specification.maintenance.version" value="5"/>
    <property name="java.ext.dirs" value="C:\Program Files\Java\jdk-1.8\jre\lib\ext;C:\WINDOWS\Sun\Java\lib\ext"/>
    <property name="sun.io.unicode.encoding" value="UnicodeLittle"/>
    <property name="java.class.version" value="52.0"/>
  </properties>
  <testcase name="connectionTest" classname="GirlsAllowedUnitTest" time="0.076"/>
</testsuite>